PaiseDedo_FinalCode/app/build/intermediates/manifest_merge_blame_file/debug/manifest-merger-blame-debug-report.txt
1<?xml version="1.0" encoding="utf-8"?>
2<!--
3    ~ Copyright 2022 The TensorFlow Authors. All Rights Reserved.
4    ~
5    ~ Licensed under the Apache License, Version 2.0 (the "License");
6    ~ you may not use this file except in compliance with the License.
7    ~ You may obtain a copy of the License at
8    ~
9    ~       http://www.apache.org/licenses/LICENSE-2.0
10    ~
11    ~ Unless required by applicable law or agreed to in writing, software
12    ~ distributed under the License is distributed on an "AS IS" BASIS,
13    ~ WITHOUT WARRANTIES OR CONDITIONS OF ANY KIND, either express or implied.
14    ~ See the License for the specific language governing permissions and
15    ~ limitations under the License.
16-->
17<manifest xmlns:android="http://schemas.android.com/apk/res/android"
18    xmlns:dist="http://schemas.android.com/apk/distribution"
19    package="com.example.posedetector"
20    android:versionCode="1"
21    android:versionName="1.0.0" >
22
23    <uses-sdk
24        android:minSdkVersion="25"
24-->src/main/AndroidManifest.xml
25        android:targetSdkVersion="32" />
25-->src/main/AndroidManifest.xml
26
27    <uses-permission android:name="android.permission.WRITE_EXTERNAL_STORAGE" />
27-->src/main/AndroidManifest.xml:24:5-81
27-->src/main/AndroidManifest.xml:24:22-78
28
29    <!-- Enable instant app support -->
30    <dist:module dist:instant="true" />
30-->src/main/AndroidManifest.xml:28:5-40
30-->src/main/AndroidManifest.xml:28:18-37
31
32    <!-- Declare features -->
33    <uses-feature android:name="android.hardware.camera" />
33-->src/main/AndroidManifest.xml:31:5-60
33-->src/main/AndroidManifest.xml:31:19-57
34
35    <!-- Declare permissions -->
36    <uses-permission android:name="android.permission.CAMERA" />
36-->src/main/AndroidManifest.xml:34:5-65
36-->src/main/AndroidManifest.xml:34:22-62
37    <uses-permission android:name="android.permission.READ_PHONE_STATE" />
38    <uses-permission android:name="android.permission.READ_EXTERNAL_STORAGE" /> <!-- Although the *SdkVersion is captured in gradle build files, this is required for non gradle builds -->
39    <!-- <uses-sdk android:minSdkVersion="14"/> -->
40    <uses-permission android:name="android.permission.ACCESS_NETWORK_STATE" />
40-->[com.google.android.datatransport:transport-backend-cct:3.1.0] AndroidManifest.xml:25:5-79
40-->[com.google.android.datatransport:transport-backend-cct:3.1.0] AndroidManifest.xml:25:22-76
41    <uses-permission android:name="android.permission.INTERNET" />
41-->[com.google.android.datatransport:transport-backend-cct:3.1.0] AndroidManifest.xml:26:5-67
41-->[com.google.android.datatransport:transport-backend-cct:3.1.0] AndroidManifest.xml:26:22-64
42
43    <application
43-->src/main/AndroidManifest.xml:36:5-66:19
44        android:allowBackup="true"
44-->src/main/AndroidManifest.xml:40:9-35
45        android:appComponentFactory="androidx.core.app.CoreComponentFactory"
45-->[androidx.core:core:1.8.0] AndroidManifest.xml:24:18-86
46        android:debuggable="true"
47        android:extractNativeLibs="false"
48        android:icon="@mipmap/ic_launcher"
48-->src/main/AndroidManifest.xml:37:9-43
49        android:label="@string/app_name"
49-->src/main/AndroidManifest.xml:39:9-41
50        android:roundIcon="@mipmap/ic_launcher_round"
50-->src/main/AndroidManifest.xml:38:9-54
51        android:taskAffinity="" >
51-->src/main/AndroidManifest.xml:41:9-32
52        <activity
52-->src/main/AndroidManifest.xml:44:9-64:20
53            android:name="org.tensorflow.lite.examples.objectdetection.MainActivity"
53-->src/main/AndroidManifest.xml:45:13-41
54            android:clearTaskOnLaunch="true"
54-->src/main/AndroidManifest.xml:46:13-45
55            android:configChanges="orientation|screenLayout|screenSize|smallestScreenSize"
55-->src/main/AndroidManifest.xml:52:13-91
56            android:exported="true"
56-->src/main/AndroidManifest.xml:48:13-36
57            android:icon="@mipmap/ic_launcher"
57-->src/main/AndroidManifest.xml:49:13-47
58            android:resizeableActivity="true"
58-->src/main/AndroidManifest.xml:51:13-46
59            android:rotationAnimation="seamless"
59-->src/main/AndroidManifest.xml:50:13-49
60            android:theme="@style/AppTheme" >
60-->src/main/AndroidManifest.xml:47:13-44
61
62            <!-- Main app intent filter -->
63            <intent-filter>
63-->src/main/AndroidManifest.xml:56:13-59:29
64                <action android:name="android.intent.action.MAIN" />
64-->src/main/AndroidManifest.xml:57:17-69
64-->src/main/AndroidManifest.xml:57:25-66
65
66                <category android:name="android.intent.category.LAUNCHER" />
66-->src/main/AndroidManifest.xml:58:17-77
66-->src/main/AndroidManifest.xml:58:27-74
67            </intent-filter>
68
69            <!-- Declare notch support -->
70            <meta-data
70-->src/main/AndroidManifest.xml:62:13-83
71                android:name="android.notch_support"
71-->src/main/AndroidManifest.xml:62:24-60
72                android:value="true" />
72-->src/main/AndroidManifest.xml:62:61-81
73        </activity>
74
75        <uses-library
75-->[androidx.window:window:1.0.0] AndroidManifest.xml:25:9-27:40
76            android:name="androidx.window.extensions"
76-->[androidx.window:window:1.0.0] AndroidManifest.xml:26:13-54
77            android:required="false" />
77-->[androidx.window:window:1.0.0] AndroidManifest.xml:27:13-37
78        <uses-library
78-->[androidx.window:window:1.0.0] AndroidManifest.xml:28:9-30:40
79            android:name="androidx.window.sidecar"
79-->[androidx.window:window:1.0.0] AndroidManifest.xml:29:13-51
80            android:required="false" />
80-->[androidx.window:window:1.0.0] AndroidManifest.xml:30:13-37
81
82        <service
82-->[androidx.camera:camera-camera2:1.1.0-beta03] AndroidManifest.xml:26:9-35:19
83            android:name="androidx.camera.core.impl.MetadataHolderService"
83-->[androidx.camera:camera-camera2:1.1.0-beta03] AndroidManifest.xml:27:13-75
84            android:enabled="false"
84-->[androidx.camera:camera-camera2:1.1.0-beta03] AndroidManifest.xml:28:13-36
85            android:exported="false" >
85-->[androidx.camera:camera-camera2:1.1.0-beta03] AndroidManifest.xml:29:13-37
86            <meta-data
86-->[androidx.camera:camera-camera2:1.1.0-beta03] AndroidManifest.xml:32:13-34:89
87                android:name="androidx.camera.core.impl.MetadataHolderService.DEFAULT_CONFIG_PROVIDER"
87-->[androidx.camera:camera-camera2:1.1.0-beta03] AndroidManifest.xml:33:17-103
88                android:value="androidx.camera.camera2.Camera2Config$DefaultProvider" />
88-->[androidx.camera:camera-camera2:1.1.0-beta03] AndroidManifest.xml:34:17-86
89        </service>
90        <service
90-->[com.google.android.datatransport:transport-backend-cct:3.1.0] AndroidManifest.xml:29:9-35:19
91            android:name="com.google.android.datatransport.runtime.backends.TransportBackendDiscovery"
91-->[com.google.android.datatransport:transport-backend-cct:3.1.0] AndroidManifest.xml:30:13-103
92            android:exported="false" >
92-->[com.google.android.datatransport:transport-backend-cct:3.1.0] AndroidManifest.xml:31:13-37
93            <meta-data
93-->[com.google.android.datatransport:transport-backend-cct:3.1.0] AndroidManifest.xml:32:13-34:39
94                android:name="backend:com.google.android.datatransport.cct.CctBackendFactory"
94-->[com.google.android.datatransport:transport-backend-cct:3.1.0] AndroidManifest.xml:33:17-94
95                android:value="cct" />
95-->[com.google.android.datatransport:transport-backend-cct:3.1.0] AndroidManifest.xml:34:17-36
96        </service>
97        <service
97-->[com.google.android.datatransport:transport-runtime:3.1.0] AndroidManifest.xml:26:9-30:19
98            android:name="com.google.android.datatransport.runtime.scheduling.jobscheduling.JobInfoSchedulerService"
98-->[com.google.android.datatransport:transport-runtime:3.1.0] AndroidManifest.xml:27:13-117
99            android:exported="false"
99-->[com.google.android.datatransport:transport-runtime:3.1.0] AndroidManifest.xml:28:13-37
100            android:permission="android.permission.BIND_JOB_SERVICE" >
100-->[com.google.android.datatransport:transport-runtime:3.1.0] AndroidManifest.xml:29:13-69
101        </service>
102
103        <receiver
103-->[com.google.android.datatransport:transport-runtime:3.1.0] AndroidManifest.xml:32:9-34:40
104            android:name="com.google.android.datatransport.runtime.scheduling.jobscheduling.AlarmManagerSchedulerBroadcastReceiver"
104-->[com.google.android.datatransport:transport-runtime:3.1.0] AndroidManifest.xml:33:13-132
105            android:exported="false" />
105-->[com.google.android.datatransport:transport-runtime:3.1.0] AndroidManifest.xml:34:13-37
106
107        <provider
107-->[androidx.lifecycle:lifecycle-process:2.2.0] AndroidManifest.xml:25:9-29:43
108            android:name="androidx.lifecycle.ProcessLifecycleOwnerInitializer"
108-->[androidx.lifecycle:lifecycle-process:2.2.0] AndroidManifest.xml:26:13-79
109            android:authorities="com.example.posedetector.lifecycle-process"
109-->[androidx.lifecycle:lifecycle-process:2.2.0] AndroidManifest.xml:27:13-69
110            android:exported="false"
110-->[androidx.lifecycle:lifecycle-process:2.2.0] AndroidManifest.xml:28:13-37
111            android:multiprocess="true" />
111-->[androidx.lifecycle:lifecycle-process:2.2.0] AndroidManifest.xml:29:13-40
112    </application>
113
114</manifest>